[0m2021.04.03 14:49:58 INFO  Started: Metals version 0.10.0 in workspace 'C:\Users\dessi\Exercism\java\raindrops' for client vscode 1.55.0.[0m
[0m2021.04.03 14:50:00 INFO  time: initialize in 1.76s[0m
[0m2021.04.03 14:50:01 WARN  Build server is not auto-connectable.[0m
[0m2021.04.03 15:18:58 INFO  running 'C:\Users\dessi\AppData\Local\Temp\metals2887615425612500877\gradlew.bat --console=plain --init-script C:\Users\dessi\AppData\Local\Temp\metals2887615425612500877\init-script.gradle bloopInstall'[0m
[0m2021.04.03 15:19:03 ERROR [0m
[0m2021.04.03 15:19:03 ERROR FAILURE: Build failed with an exception.[0m
[0m2021.04.03 15:19:03 ERROR [0m
[0m2021.04.03 15:19:03 ERROR * What went wrong:[0m
[0m2021.04.03 15:19:03 ERROR Could not open cp_init remapped class cache for 9e87fybj5j6j6ahcz5vsibrkr (C:\Users\dessi\.gradle\caches\5.3.1\scripts-remapped\init_script_28swj2lyl555wuw1290v13inw\9e87fybj5j6j6ahcz5vsibrkr\cp_initdf81213ac8da0a0be535e5c64c4d77bc).[0m
[0m2021.04.03 15:19:03 ERROR > Could not open cp_init generic class cache for initialization script 'C:\Users\dessi\AppData\Local\Temp\metals2887615425612500877\init-script.gradle' (C:\Users\dessi\.gradle\caches\5.3.1\scripts\9e87fybj5j6j6ahcz5vsibrkr\cp_init\cp_initdf81213ac8da0a0be535e5c64c4d77bc).[0m
[0m2021.04.03 15:19:03 ERROR    > Could not initialize class org.codehaus.groovy.classgen.Verifier[0m
[0m2021.04.03 15:19:03 ERROR [0m
[0m2021.04.03 15:19:03 ERROR * Try:[0m
[0m2021.04.03 15:19:03 ERROR Run with --stacktrace option to get the stack trace. Run with --info or --debug option to get more log output. Run with --scan to get full insights.[0m
[0m2021.04.03 15:19:03 ERROR [0m
[0m2021.04.03 15:19:03 ERROR * Get more help at https://help.gradle.org[0m
[0m2021.04.03 15:19:03 ERROR [0m
[0m2021.04.03 15:19:03 ERROR BUILD FAILED in 3s[0m
[0m2021.04.03 15:19:03 INFO  gradle bloopInstall exit: 1[0m
[0m2021.04.03 15:19:04 INFO  time: ran 'gradle bloopInstall' in 5.52s[0m
[0m2021.04.03 15:19:04 ERROR Gradle command failed: C:\Users\dessi\AppData\Local\Temp\metals2887615425612500877\gradlew.bat --console=plain --init-script C:\Users\dessi\AppData\Local\Temp\metals2887615425612500877\init-script.gradle bloopInstall[0m
[0m2021.04.03 15:36:50 INFO  shutting down Metals[0m
