[0m2021.04.04 09:07:42 INFO  Started: Metals version 0.10.0 in workspace 'C:\Users\dessi\Exercism\java\luhn' for client vscode 1.55.0.[0m
[0m2021.04.04 09:07:44 INFO  time: initialize in 2.01s[0m
[0m2021.04.04 09:07:45 WARN  Build server is not auto-connectable.[0m
[0m2021.04.04 10:22:16 INFO  running 'C:\Users\dessi\AppData\Local\Temp\metals6400820742234965595\gradlew.bat --console=plain --init-script C:\Users\dessi\AppData\Local\Temp\metals6400820742234965595\init-script.gradle bloopInstall'[0m
[0m2021.04.04 10:22:36 ERROR [0m
[0m2021.04.04 10:22:36 ERROR FAILURE: Build failed with an exception.[0m
[0m2021.04.04 10:22:36 ERROR [0m
[0m2021.04.04 10:22:36 ERROR * What went wrong:[0m
[0m2021.04.04 10:22:36 ERROR Could not open cp_init remapped class cache for 9e87fybj5j6j6ahcz5vsibrkr (C:\Users\dessi\.gradle\caches\5.3.1\scripts-remapped\init_script_76j71djso9ovbzjlfxfyrmq64\9e87fybj5j6j6ahcz5vsibrkr\cp_initdf81213ac8da0a0be535e5c64c4d77bc).[0m
[0m2021.04.04 10:22:36 ERROR > Could not open cp_init generic class cache for initialization script 'C:\Users\dessi\AppData\Local\Temp\metals6400820742234965595\init-script.gradle' (C:\Users\dessi\.gradle\caches\5.3.1\scripts\9e87fybj5j6j6ahcz5vsibrkr\cp_init\cp_initdf81213ac8da0a0be535e5c64c4d77bc).[0m
[0m2021.04.04 10:22:36 ERROR    > Could not initialize class org.codehaus.groovy.classgen.Verifier[0m
[0m2021.04.04 10:22:36 ERROR [0m
[0m2021.04.04 10:22:36 ERROR * Try:[0m
[0m2021.04.04 10:22:36 ERROR Run with --stacktrace option to get the stack trace. Run with --info or --debug option to get more log output. Run with --scan to get full insights.[0m
[0m2021.04.04 10:22:36 ERROR [0m
[0m2021.04.04 10:22:36 ERROR * Get more help at https://help.gradle.org[0m
[0m2021.04.04 10:22:36 ERROR [0m
[0m2021.04.04 10:22:36 ERROR BUILD FAILED in 14s[0m
[0m2021.04.04 10:22:40 INFO  gradle bloopInstall exit: 1[0m
[0m2021.04.04 10:22:40 INFO  time: ran 'gradle bloopInstall' in 22s[0m
[0m2021.04.04 10:22:41 ERROR Gradle command failed: C:\Users\dessi\AppData\Local\Temp\metals6400820742234965595\gradlew.bat --console=plain --init-script C:\Users\dessi\AppData\Local\Temp\metals6400820742234965595\init-script.gradle bloopInstall[0m
[0m2021.04.04 10:25:13 INFO  shutting down Metals[0m
