[0m2021.04.06 09:54:08 INFO  Started: Metals version 0.10.0 in workspace 'C:\Users\dessi\Exercism\java\minesweeper' for client vscode 1.55.0.[0m
[0m2021.04.06 09:54:10 INFO  time: initialize in 1.83s[0m
[0m2021.04.06 09:54:11 WARN  Build server is not auto-connectable.[0m
[0m2021.04.06 09:54:17 INFO  running 'C:\Users\dessi\AppData\Local\Temp\metals20657303921771386\gradlew.bat --console=plain --init-script C:\Users\dessi\AppData\Local\Temp\metals20657303921771386\init-script.gradle bloopInstall'[0m
[0m2021.04.06 09:54:21 INFO  Starting a Gradle Daemon (subsequent builds will be faster)[0m
[0m2021.04.06 09:54:31 ERROR [0m
[0m2021.04.06 09:54:31 ERROR FAILURE: Build failed with an exception.[0m
[0m2021.04.06 09:54:31 ERROR [0m
[0m2021.04.06 09:54:31 ERROR * What went wrong:[0m
[0m2021.04.06 09:54:31 ERROR Could not open cp_init remapped class cache for 9e87fybj5j6j6ahcz5vsibrkr (C:\Users\dessi\.gradle\caches\5.3.1\scripts-remapped\init_script_8whf6fo4pv134z8a1xrsrx6er\9e87fybj5j6j6ahcz5vsibrkr\cp_initdf81213ac8da0a0be535e5c64c4d77bc).[0m
[0m2021.04.06 09:54:31 ERROR > Could not open cp_init generic class cache for initialization script 'C:\Users\dessi\AppData\Local\Temp\metals20657303921771386\init-script.gradle' (C:\Users\dessi\.gradle\caches\5.3.1\scripts\9e87fybj5j6j6ahcz5vsibrkr\cp_init\cp_initdf81213ac8da0a0be535e5c64c4d77bc).[0m
[0m2021.04.06 09:54:31 ERROR    > Could not initialize class org.codehaus.groovy.vmplugin.v7.Java7[0m
[0m2021.04.06 09:54:31 ERROR [0m
[0m2021.04.06 09:54:31 ERROR * Try:[0m
[0m2021.04.06 09:54:31 ERROR Run with --stacktrace option to get the stack trace. Run with --info or --debug option to get more log output. Run with --scan to get full insights.[0m
[0m2021.04.06 09:54:31 ERROR [0m
[0m2021.04.06 09:54:31 ERROR * Get more help at https://help.gradle.org[0m
[0m2021.04.06 09:54:31 ERROR [0m
[0m2021.04.06 09:54:31 ERROR BUILD FAILED in 13s[0m
[0m2021.04.06 09:54:31 INFO  gradle bloopInstall exit: 1[0m
[0m2021.04.06 09:54:31 INFO  time: ran 'gradle bloopInstall' in 14s[0m
[0m2021.04.06 09:54:31 ERROR Gradle command failed: C:\Users\dessi\AppData\Local\Temp\metals20657303921771386\gradlew.bat --console=plain --init-script C:\Users\dessi\AppData\Local\Temp\metals20657303921771386\init-script.gradle bloopInstall[0m
[0m2021.04.06 09:55:25 INFO  shutting down Metals[0m
