[0m2021.04.06 06:15:14 INFO  Started: Metals version 0.10.0 in workspace 'C:\Users\dessi\Exercism\java\prime-factors' for client vscode 1.55.0.[0m
[0m2021.04.06 06:15:20 INFO  time: initialize in 5.35s[0m
[0m2021.04.06 06:15:22 WARN  Build server is not auto-connectable.[0m
[0m2021.04.06 06:15:28 INFO  running 'C:\Users\dessi\AppData\Local\Temp\metals4584544383332910980\gradlew.bat --console=plain --init-script C:\Users\dessi\AppData\Local\Temp\metals4584544383332910980\init-script.gradle bloopInstall'[0m
[0m2021.04.06 06:15:46 INFO  Starting a Gradle Daemon (subsequent builds will be faster)[0m
[0m2021.04.06 06:16:18 ERROR [0m
[0m2021.04.06 06:16:18 ERROR FAILURE: Build failed with an exception.[0m
[0m2021.04.06 06:16:18 ERROR [0m
[0m2021.04.06 06:16:18 ERROR * What went wrong:[0m
[0m2021.04.06 06:16:18 ERROR Could not open cp_init remapped class cache for 9e87fybj5j6j6ahcz5vsibrkr (C:\Users\dessi\.gradle\caches\5.3.1\scripts-remapped\init_script_3rnazlo0r8sxd7kcjti8irfwi\9e87fybj5j6j6ahcz5vsibrkr\cp_initdf81213ac8da0a0be535e5c64c4d77bc).[0m
[0m2021.04.06 06:16:18 ERROR > Could not open cp_init generic class cache for initialization script 'C:\Users\dessi\AppData\Local\Temp\metals4584544383332910980\init-script.gradle' (C:\Users\dessi\.gradle\caches\5.3.1\scripts\9e87fybj5j6j6ahcz5vsibrkr\cp_init\cp_initdf81213ac8da0a0be535e5c64c4d77bc).[0m
[0m2021.04.06 06:16:18 ERROR    > Could not initialize class org.codehaus.groovy.vmplugin.v7.Java7[0m
[0m2021.04.06 06:16:18 ERROR [0m
[0m2021.04.06 06:16:18 ERROR * Try:[0m
[0m2021.04.06 06:16:18 ERROR Run with --stacktrace option to get the stack trace. Run with --info or --debug option to get more log output. Run with --scan to get full insights.[0m
[0m2021.04.06 06:16:18 ERROR [0m
[0m2021.04.06 06:16:18 ERROR * Get more help at https://help.gradle.org[0m
[0m2021.04.06 06:16:18 ERROR [0m
[0m2021.04.06 06:16:18 ERROR BUILD FAILED in 47s[0m
[0m2021.04.06 06:16:18 INFO  gradle bloopInstall exit: 1[0m
[0m2021.04.06 06:16:18 INFO  time: ran 'gradle bloopInstall' in 49s[0m
[0m2021.04.06 06:16:18 ERROR Gradle command failed: C:\Users\dessi\AppData\Local\Temp\metals4584544383332910980\gradlew.bat --console=plain --init-script C:\Users\dessi\AppData\Local\Temp\metals4584544383332910980\init-script.gradle bloopInstall[0m
[0m2021.04.06 06:17:59 INFO  shutting down Metals[0m
[0m2021.04.06 09:41:58 INFO  Started: Metals version 0.10.0 in workspace 'C:\Users\dessi\Exercism\java\prime-factors' for client vscode 1.55.0.[0m
[0m2021.04.06 09:42:00 INFO  time: initialize in 1.75s[0m
[0m2021.04.06 09:42:01 WARN  Build server is not auto-connectable.[0m
[0m2021.04.06 09:42:01 INFO  skipping build import with status 'Failed'[0m
[0m2021.04.06 09:47:41 INFO  shutting down Metals[0m
