[0m2021.04.03 08:38:33 INFO  Started: Metals version 0.10.0 in workspace 'C:\Users\dessi\Exercism\java\reverse-string' for client vscode 1.55.0.[0m
[0m2021.04.03 08:38:36 INFO  time: initialize in 2.5s[0m
[0m2021.04.03 08:38:44 WARN  Build server is not auto-connectable.[0m
[0m2021.04.03 08:38:52 INFO  running 'C:\Users\dessi\AppData\Local\Temp\metals4928913367401282434\gradlew.bat --console=plain --init-script C:\Users\dessi\AppData\Local\Temp\metals4928913367401282434\init-script.gradle bloopInstall'[0m
[0m2021.04.03 08:38:55 ERROR [0m
[0m2021.04.03 08:38:55 ERROR FAILURE: Build failed with an exception.[0m
[0m2021.04.03 08:38:55 ERROR [0m
[0m2021.04.03 08:38:55 ERROR * What went wrong:[0m
[0m2021.04.03 08:38:55 ERROR Could not open cp_init remapped class cache for 9e87fybj5j6j6ahcz5vsibrkr (C:\Users\dessi\.gradle\caches\5.3.1\scripts-remapped\init_script_29k8kgpddrhge2xpldtwlrblv\9e87fybj5j6j6ahcz5vsibrkr\cp_initdf81213ac8da0a0be535e5c64c4d77bc).[0m
[0m2021.04.03 08:38:55 ERROR > Could not open cp_init generic class cache for initialization script 'C:\Users\dessi\AppData\Local\Temp\metals4928913367401282434\init-script.gradle' (C:\Users\dessi\.gradle\caches\5.3.1\scripts\9e87fybj5j6j6ahcz5vsibrkr\cp_init\cp_initdf81213ac8da0a0be535e5c64c4d77bc).[0m
[0m2021.04.03 08:38:55 ERROR    > Could not initialize class org.codehaus.groovy.classgen.Verifier[0m
[0m2021.04.03 08:38:55 ERROR [0m
[0m2021.04.03 08:38:55 ERROR * Try:[0m
[0m2021.04.03 08:38:55 ERROR Run with --stacktrace option to get the stack trace. Run with --info or --debug option to get more log output. Run with --scan to get full insights.[0m
[0m2021.04.03 08:38:55 ERROR [0m
[0m2021.04.03 08:38:55 ERROR * Get more help at https://help.gradle.org[0m
[0m2021.04.03 08:38:55 ERROR [0m
[0m2021.04.03 08:38:55 ERROR BUILD FAILED in 2s[0m
[0m2021.04.03 08:38:55 INFO  gradle bloopInstall exit: 1[0m
[0m2021.04.03 08:38:56 INFO  time: ran 'gradle bloopInstall' in 3.98s[0m
[0m2021.04.03 08:38:56 ERROR Gradle command failed: C:\Users\dessi\AppData\Local\Temp\metals4928913367401282434\gradlew.bat --console=plain --init-script C:\Users\dessi\AppData\Local\Temp\metals4928913367401282434\init-script.gradle bloopInstall[0m
[0m2021.04.03 08:40:44 INFO  shutting down Metals[0m
[0m2021.04.03 08:42:44 INFO  Started: Metals version 0.10.0 in workspace 'C:\Users\dessi\Exercism\java\reverse-string' for client vscode 1.55.0.[0m
[0m2021.04.03 08:42:47 INFO  time: initialize in 3.04s[0m
[0m2021.04.03 08:42:48 WARN  Build server is not auto-connectable.[0m
[0m2021.04.03 08:42:48 INFO  skipping build import with status 'Failed'[0m
[0m2021.04.03 08:46:08 INFO  shutting down Metals[0m
