[0m2021.04.06 16:37:35 INFO  Started: Metals version 0.10.0 in workspace 'C:\Users\dessi\Exercism\java\custom-set' for client vscode 1.55.0.[0m
[0m2021.04.06 16:37:37 INFO  time: initialize in 1.92s[0m
[0m2021.04.06 16:37:38 WARN  Build server is not auto-connectable.[0m
[0m2021.04.06 16:38:56 INFO  running 'C:\Users\dessi\AppData\Local\Temp\metals12214417772623964785\gradlew.bat --console=plain --init-script C:\Users\dessi\AppData\Local\Temp\metals12214417772623964785\init-script.gradle bloopInstall'[0m
[0m2021.04.06 16:38:59 ERROR [0m
[0m2021.04.06 16:38:59 ERROR FAILURE: Build failed with an exception.[0m
[0m2021.04.06 16:38:59 ERROR [0m
[0m2021.04.06 16:38:59 ERROR * What went wrong:[0m
[0m2021.04.06 16:38:59 ERROR Could not open cp_init remapped class cache for 9e87fybj5j6j6ahcz5vsibrkr (C:\Users\dessi\.gradle\caches\5.3.1\scripts-remapped\init_script_2geckpco8h0ugtmaxt56td7t8\9e87fybj5j6j6ahcz5vsibrkr\cp_initdf81213ac8da0a0be535e5c64c4d77bc).[0m
[0m2021.04.06 16:38:59 ERROR > Could not open cp_init generic class cache for initialization script 'C:\Users\dessi\AppData\Local\Temp\metals12214417772623964785\init-script.gradle' (C:\Users\dessi\.gradle\caches\5.3.1\scripts\9e87fybj5j6j6ahcz5vsibrkr\cp_init\cp_initdf81213ac8da0a0be535e5c64c4d77bc).[0m
[0m2021.04.06 16:38:59 ERROR    > Could not initialize class org.codehaus.groovy.classgen.Verifier[0m
[0m2021.04.06 16:38:59 ERROR [0m
[0m2021.04.06 16:38:59 ERROR * Try:[0m
[0m2021.04.06 16:38:59 ERROR Run with --stacktrace option to get the stack trace. Run with --info or --debug option to get more log output. Run with --scan to get full insights.[0m
[0m2021.04.06 16:38:59 ERROR [0m
[0m2021.04.06 16:38:59 ERROR * Get more help at https://help.gradle.org[0m
[0m2021.04.06 16:38:59 ERROR [0m
[0m2021.04.06 16:38:59 ERROR BUILD FAILED in 2s[0m
[0m2021.04.06 16:38:59 INFO  gradle bloopInstall exit: 1[0m
[0m2021.04.06 16:38:59 INFO  time: ran 'gradle bloopInstall' in 3.04s[0m
[0m2021.04.06 16:38:59 ERROR Gradle command failed: C:\Users\dessi\AppData\Local\Temp\metals12214417772623964785\gradlew.bat --console=plain --init-script C:\Users\dessi\AppData\Local\Temp\metals12214417772623964785\init-script.gradle bloopInstall[0m
Apr 06, 2021 4:54:38 PM org.eclipse.lsp4j.jsonrpc.services.GenericEndpoint notify
INFO: Unsupported notification method: $/setTraceNotification
[0m2021.04.07 18:17:43 INFO  Started: Metals version 0.10.0 in workspace 'C:\Users\dessi\Exercism\java\custom-set' for client vscode 1.55.0.[0m
[0m2021.04.07 18:17:46 INFO  time: initialize in 2.44s[0m
[0m2021.04.07 18:17:51 WARN  Build server is not auto-connectable.[0m
[0m2021.04.07 18:17:52 INFO  skipping build import with status 'Failed'[0m
[0m2021.04.08 09:18:51 INFO  Started: Metals version 0.10.1 in workspace 'C:\Users\dessi\Exercism\java\custom-set' for client vscode 1.55.0.[0m
[0m2021.04.08 09:18:54 INFO  time: initialize in 3.43s[0m
[0m2021.04.08 09:19:02 WARN  Build server is not auto-connectable.[0m
[0m2021.04.08 09:19:02 INFO  skipping build import with status 'Failed'[0m
[0m2021.04.08 09:23:45 INFO  shutting down Metals[0m
