[0m2021.04.08 09:48:06 INFO  Started: Metals version 0.10.1 in workspace 'C:\Users\dessi\Exercism\java\change' for client vscode 1.55.0.[0m
[0m2021.04.08 09:48:09 INFO  time: initialize in 3.33s[0m
[0m2021.04.08 09:48:13 WARN  Build server is not auto-connectable.[0m
[0m2021.04.08 09:48:15 INFO  running 'C:\Users\dessi\AppData\Local\Temp\metals1714038326385791829\gradlew.bat --console=plain --init-script C:\Users\dessi\AppData\Local\Temp\metals1714038326385791829\init-script.gradle bloopInstall'[0m
[0m2021.04.08 09:48:19 ERROR [0m
[0m2021.04.08 09:48:19 ERROR FAILURE: Build failed with an exception.[0m
[0m2021.04.08 09:48:19 ERROR [0m
[0m2021.04.08 09:48:19 ERROR * What went wrong:[0m
[0m2021.04.08 09:48:19 ERROR Could not open cp_init remapped class cache for 9e87fybj5j6j6ahcz5vsibrkr (C:\Users\dessi\.gradle\caches\5.3.1\scripts-remapped\init_script_6yb7ktxpgo0ktb5gqikzpnty0\9e87fybj5j6j6ahcz5vsibrkr\cp_initdf81213ac8da0a0be535e5c64c4d77bc).[0m
[0m2021.04.08 09:48:19 ERROR > Could not open cp_init generic class cache for initialization script 'C:\Users\dessi\AppData\Local\Temp\metals1714038326385791829\init-script.gradle' (C:\Users\dessi\.gradle\caches\5.3.1\scripts\9e87fybj5j6j6ahcz5vsibrkr\cp_init\cp_initdf81213ac8da0a0be535e5c64c4d77bc).[0m
[0m2021.04.08 09:48:19 ERROR    > Could not initialize class org.codehaus.groovy.classgen.Verifier[0m
[0m2021.04.08 09:48:19 ERROR [0m
[0m2021.04.08 09:48:19 ERROR * Try:[0m
[0m2021.04.08 09:48:19 ERROR Run with --stacktrace option to get the stack trace. Run with --info or --debug option to get more log output. Run with --scan to get full insights.[0m
[0m2021.04.08 09:48:19 ERROR [0m
[0m2021.04.08 09:48:19 ERROR * Get more help at https://help.gradle.org[0m
[0m2021.04.08 09:48:19 ERROR [0m
[0m2021.04.08 09:48:19 ERROR BUILD FAILED in 1s[0m
[0m2021.04.08 09:48:19 INFO  gradle bloopInstall exit: 1[0m
[0m2021.04.08 09:48:20 INFO  time: ran 'gradle bloopInstall' in 4.44s[0m
[0m2021.04.08 09:48:20 ERROR Gradle command failed: C:\Users\dessi\AppData\Local\Temp\metals1714038326385791829\gradlew.bat --console=plain --init-script C:\Users\dessi\AppData\Local\Temp\metals1714038326385791829\init-script.gradle bloopInstall[0m
[0m2021.04.08 09:51:12 INFO  shutting down Metals[0m
