[0m2021.04.06 10:42:45 INFO  Started: Metals version 0.10.0 in workspace 'C:\Users\dessi\Exercism\java\satellite' for client vscode 1.55.0.[0m
[0m2021.04.06 10:42:47 INFO  time: initialize in 2.09s[0m
[0m2021.04.06 10:42:48 WARN  Build server is not auto-connectable.[0m
[0m2021.04.06 10:45:43 INFO  running 'C:\Users\dessi\AppData\Local\Temp\metals13222574369271634516\gradlew.bat --console=plain --init-script C:\Users\dessi\AppData\Local\Temp\metals13222574369271634516\init-script.gradle bloopInstall'[0m
[0m2021.04.06 10:45:46 ERROR [0m
[0m2021.04.06 10:45:46 ERROR FAILURE: Build failed with an exception.[0m
[0m2021.04.06 10:45:46 ERROR [0m
[0m2021.04.06 10:45:46 ERROR * What went wrong:[0m
[0m2021.04.06 10:45:46 ERROR Could not open cp_init remapped class cache for 9e87fybj5j6j6ahcz5vsibrkr (C:\Users\dessi\.gradle\caches\5.3.1\scripts-remapped\init_script_1am8tdpqhcpy4fyu225q3iuf8\9e87fybj5j6j6ahcz5vsibrkr\cp_initdf81213ac8da0a0be535e5c64c4d77bc).[0m
[0m2021.04.06 10:45:46 ERROR > Could not open cp_init generic class cache for initialization script 'C:\Users\dessi\AppData\Local\Temp\metals13222574369271634516\init-script.gradle' (C:\Users\dessi\.gradle\caches\5.3.1\scripts\9e87fybj5j6j6ahcz5vsibrkr\cp_init\cp_initdf81213ac8da0a0be535e5c64c4d77bc).[0m
[0m2021.04.06 10:45:46 ERROR    > Could not initialize class org.codehaus.groovy.classgen.Verifier[0m
[0m2021.04.06 10:45:46 ERROR [0m
[0m2021.04.06 10:45:46 ERROR * Try:[0m
[0m2021.04.06 10:45:46 ERROR Run with --stacktrace option to get the stack trace. Run with --info or --debug option to get more log output. Run with --scan to get full insights.[0m
[0m2021.04.06 10:45:46 ERROR [0m
[0m2021.04.06 10:45:46 ERROR * Get more help at https://help.gradle.org[0m
[0m2021.04.06 10:45:46 ERROR [0m
[0m2021.04.06 10:45:46 ERROR BUILD FAILED in 2s[0m
[0m2021.04.06 10:45:47 INFO  gradle bloopInstall exit: 1[0m
[0m2021.04.06 10:45:47 INFO  time: ran 'gradle bloopInstall' in 4.2s[0m
[0m2021.04.06 10:45:47 ERROR Gradle command failed: C:\Users\dessi\AppData\Local\Temp\metals13222574369271634516\gradlew.bat --console=plain --init-script C:\Users\dessi\AppData\Local\Temp\metals13222574369271634516\init-script.gradle bloopInstall[0m
[0m2021.04.06 10:46:16 INFO  shutting down Metals[0m
